2025-06-04 16:15:14,354 - train - INFO - ComboMTL(
  (protein_embedding): Embedding(15970, 64)
  (cell_embedding): Embedding(76, 64)
  (drug_embedding): Embedding(764, 64)
  (aggregation_function): Linear(in_features=192, out_features=64, bias=True)
  (neighbor_proj): Linear(in_features=128, out_features=512, bias=True)
  (global_attn): Sequential(
    (0): Linear(in_features=64, out_features=64, bias=True)
    (1): GELU()
    (2): Linear(in_features=64, out_features=1, bias=True)
  )
  (local_attn): Sequential(
    (0): Linear(in_features=128, out_features=64, bias=True)
    (1): GELU()
    (2): Linear(in_features=64, out_features=1, bias=True)
  )
  (out_transform): Linear(in_features=64, out_features=64, bias=True)
  (combine_function): Linear(in_features=128, out_features=64, bias=False)
)
Trainable parameters: 1179138
2025-06-04 16:15:14,355 - trainer - WARNING - Warning: There's no GPU available on this machine,training will be performed on CPU.
2025-06-04 16:17:07,005 - trainer - INFO - epoch: 1
2025-06-04 16:17:07,005 - trainer - INFO -     train          : loss           : 0.68	accuracy       : 0.62	precision      : 0.62	recall         : 0.38	roc_auc        : 0.68	pr_auc         : 0.62	f1_score       : 0.43	
2025-06-04 16:17:07,005 - trainer - INFO -     validation     : val_loss       : 0.65	val_accuracy   : 0.66	val_precision  : 0.63	val_recall     : 0.60	val_roc_auc    : 0.72	val_pr_auc     : 0.68	val_f1_score   : 0.62	
2025-06-04 16:17:07,030 - trainer - INFO - Saving current best: model_best.pth ...
2025-06-04 16:18:57,988 - trainer - INFO - epoch: 2
2025-06-04 16:18:57,988 - trainer - INFO -     train          : loss           : 0.63	accuracy       : 0.67	precision      : 0.65	recall         : 0.60	roc_auc        : 0.73	pr_auc         : 0.70	f1_score       : 0.62	
2025-06-04 16:18:57,988 - trainer - INFO -     validation     : val_loss       : 0.63	val_accuracy   : 0.67	val_precision  : 0.64	val_recall     : 0.67	val_roc_auc    : 0.74	val_pr_auc     : 0.70	val_f1_score   : 0.65	
2025-06-04 16:18:58,017 - trainer - INFO - Saving current best: model_best.pth ...
2025-06-04 16:20:49,931 - trainer - INFO - epoch: 3
2025-06-04 16:20:49,932 - trainer - INFO -     train          : loss           : 0.62	accuracy       : 0.68	precision      : 0.67	recall         : 0.61	roc_auc        : 0.75	pr_auc         : 0.71	f1_score       : 0.63	
2025-06-04 16:20:49,932 - trainer - INFO -     validation     : val_loss       : 0.62	val_accuracy   : 0.68	val_precision  : 0.66	val_recall     : 0.62	val_roc_auc    : 0.74	val_pr_auc     : 0.71	val_f1_score   : 0.64	
2025-06-04 16:20:49,963 - trainer - INFO - Saving current best: model_best.pth ...
2025-06-04 16:22:50,903 - trainer - INFO - epoch: 4
2025-06-04 16:22:50,903 - trainer - INFO -     train          : loss           : 0.61	accuracy       : 0.69	precision      : 0.68	recall         : 0.62	roc_auc        : 0.76	pr_auc         : 0.73	f1_score       : 0.64	
2025-06-04 16:22:50,903 - trainer - INFO -     validation     : val_loss       : 0.61	val_accuracy   : 0.69	val_precision  : 0.66	val_recall     : 0.67	val_roc_auc    : 0.76	val_pr_auc     : 0.73	val_f1_score   : 0.66	
2025-06-04 16:22:50,934 - trainer - INFO - Saving current best: model_best.pth ...
2025-06-04 16:24:37,031 - trainer - INFO - epoch: 5
2025-06-04 16:24:37,032 - trainer - INFO -     train          : loss           : 0.59	accuracy       : 0.70	precision      : 0.69	recall         : 0.63	roc_auc        : 0.77	pr_auc         : 0.74	f1_score       : 0.65	
2025-06-04 16:24:37,032 - trainer - INFO -     validation     : val_loss       : 0.61	val_accuracy   : 0.70	val_precision  : 0.73	val_recall     : 0.54	val_roc_auc    : 0.76	val_pr_auc     : 0.73	val_f1_score   : 0.62	
2025-06-04 16:24:37,062 - trainer - INFO - Saving current best: model_best.pth ...
