2025-06-10 16:03:32,877 - train - INFO - ComboMTL(
  (protein_embedding): Embedding(15970, 128)
  (cell_embedding): Embedding(76, 128)
  (drug_embedding): Embedding(764, 128)
  (aggregation_function): Linear(in_features=384, out_features=128, bias=True)
  (neighbor_proj): Linear(in_features=128, out_features=512, bias=True)
  (trans_Q): Linear(in_features=384, out_features=128, bias=True)
  (trans_K): Linear(in_features=384, out_features=128, bias=True)
  (trans_V): Linear(in_features=384, out_features=128, bias=True)
  (linears): ModuleList(
    (0): Linear(in_features=128, out_features=384, bias=True)
    (1): Linear(in_features=128, out_features=384, bias=True)
    (2): Linear(in_features=128, out_features=384, bias=True)
    (3): Linear(in_features=128, out_features=384, bias=True)
  )
  (projection): Linear(in_features=384, out_features=384, bias=True)
  (attention_layers): ModuleList(
    (0): Linear(in_features=128, out_features=128, bias=False)
    (1): Linear(in_features=128, out_features=128, bias=False)
    (2): Linear(in_features=128, out_features=128, bias=False)
  )
  (actP): PReLU(num_parameters=1)
  (drop_out): Dropout(p=0.5, inplace=False)
  (global_attn): Sequential(
    (0): Linear(in_features=128, out_features=128, bias=True)
    (1): GELU(approximate=none)
    (2): Linear(in_features=128, out_features=1, bias=True)
  )
  (local_attn): Sequential(
    (0): Linear(in_features=256, out_features=128, bias=True)
    (1): GELU(approximate=none)
    (2): Linear(in_features=128, out_features=1, bias=True)
  )
  (out_transform): Linear(in_features=128, out_features=128, bias=True)
  (transform): Linear(in_features=256, out_features=256, bias=True)
  (gate): Linear(in_features=256, out_features=256, bias=True)
  (carry): Linear(in_features=256, out_features=256, bias=True)
  (syfcn): Sequential(
    (0): Linear(in_features=384, out_features=128, bias=True)
    (1): ReLU()
    (2): Dropout(p=0.2, inplace=False)
    (3): Linear(in_features=128, out_features=1, bias=True)
  )
  (sifcn): Sequential(
    (0): Linear(in_features=256, out_features=128, bias=True)
    (1): ReLU()
    (2): Dropout(p=0.2, inplace=False)
    (3): Linear(in_features=128, out_features=1, bias=True)
  )
)
Trainable parameters: 3155973
2025-06-10 16:08:24,295 - trainer - INFO - epoch: 1
2025-06-10 16:08:24,295 - trainer - INFO -     train          : loss           : 0.62	accuracy       : 0.61	precision      : 0.52	recall         : 0.42	roc_auc        : 0.66	pr_auc         : 0.61	f1_score       : 0.43	
2025-06-10 16:08:24,296 - trainer - INFO -     validation     : val_loss       : 0.59	val_accuracy   : 0.66	val_precision  : 0.64	val_recall     : 0.59	val_roc_auc    : 0.71	val_pr_auc     : 0.67	val_f1_score   : 0.61	
2025-06-10 16:08:24,358 - trainer - INFO - Saving current best: model_best.pth ...
2025-06-10 16:13:14,701 - trainer - INFO - epoch: 2
2025-06-10 16:13:14,701 - trainer - INFO -     train          : loss           : 0.58	accuracy       : 0.67	precision      : 0.65	recall         : 0.58	roc_auc        : 0.72	pr_auc         : 0.68	f1_score       : 0.61	
2025-06-10 16:13:14,702 - trainer - INFO -     validation     : val_loss       : 0.58	val_accuracy   : 0.66	val_precision  : 0.65	val_recall     : 0.56	val_roc_auc    : 0.72	val_pr_auc     : 0.68	val_f1_score   : 0.60	
2025-06-10 16:13:14,759 - trainer - INFO - Saving current best: model_best.pth ...
2025-06-10 16:17:57,386 - trainer - INFO - epoch: 3
2025-06-10 16:17:57,387 - trainer - INFO -     train          : loss           : 0.57	accuracy       : 0.67	precision      : 0.65	recall         : 0.58	roc_auc        : 0.73	pr_auc         : 0.69	f1_score       : 0.61	
2025-06-10 16:17:57,387 - trainer - INFO -     validation     : val_loss       : 0.57	val_accuracy   : 0.66	val_precision  : 0.65	val_recall     : 0.57	val_roc_auc    : 0.73	val_pr_auc     : 0.69	val_f1_score   : 0.61	
2025-06-10 16:17:57,433 - trainer - INFO - Saving current best: model_best.pth ...
2025-06-10 16:22:38,844 - trainer - INFO - epoch: 4
2025-06-10 16:22:38,844 - trainer - INFO -     train          : loss           : 0.57	accuracy       : 0.67	precision      : 0.66	recall         : 0.58	roc_auc        : 0.73	pr_auc         : 0.69	f1_score       : 0.61	
2025-06-10 16:22:38,845 - trainer - INFO -     validation     : val_loss       : 0.57	val_accuracy   : 0.66	val_precision  : 0.66	val_recall     : 0.54	val_roc_auc    : 0.73	val_pr_auc     : 0.70	val_f1_score   : 0.59	
2025-06-10 16:22:38,890 - trainer - INFO - Saving current best: model_best.pth ...
2025-06-10 16:27:21,258 - trainer - INFO - epoch: 5
2025-06-10 16:27:21,259 - trainer - INFO -     train          : loss           : 0.57	accuracy       : 0.67	precision      : 0.67	recall         : 0.57	roc_auc        : 0.74	pr_auc         : 0.70	f1_score       : 0.61	
2025-06-10 16:27:21,259 - trainer - INFO -     validation     : val_loss       : 0.56	val_accuracy   : 0.67	val_precision  : 0.65	val_recall     : 0.59	val_roc_auc    : 0.74	val_pr_auc     : 0.71	val_f1_score   : 0.62	
2025-06-10 16:27:21,308 - trainer - INFO - Saving current best: model_best.pth ...
2025-06-10 16:32:03,038 - trainer - INFO - epoch: 6
2025-06-10 16:32:03,038 - trainer - INFO -     train          : loss           : 0.56	accuracy       : 0.68	precision      : 0.67	recall         : 0.58	roc_auc        : 0.75	pr_auc         : 0.71	f1_score       : 0.62	
2025-06-10 16:32:03,039 - trainer - INFO -     validation     : val_loss       : 0.56	val_accuracy   : 0.68	val_precision  : 0.67	val_recall     : 0.60	val_roc_auc    : 0.74	val_pr_auc     : 0.72	val_f1_score   : 0.63	
2025-06-10 16:32:03,085 - trainer - INFO - Saving current best: model_best.pth ...
2025-06-10 16:36:48,446 - trainer - INFO - epoch: 7
2025-06-10 16:36:48,447 - trainer - INFO -     train          : loss           : 0.55	accuracy       : 0.69	precision      : 0.67	recall         : 0.59	roc_auc        : 0.75	pr_auc         : 0.72	f1_score       : 0.63	
2025-06-10 16:36:48,447 - trainer - INFO -     validation     : val_loss       : 0.55	val_accuracy   : 0.68	val_precision  : 0.67	val_recall     : 0.59	val_roc_auc    : 0.75	val_pr_auc     : 0.73	val_f1_score   : 0.63	
2025-06-10 16:36:48,494 - trainer - INFO - Saving current best: model_best.pth ...
2025-06-10 16:41:33,495 - trainer - INFO - epoch: 8
2025-06-10 16:41:33,496 - trainer - INFO -     train          : loss           : 0.55	accuracy       : 0.69	precision      : 0.68	recall         : 0.61	roc_auc        : 0.76	pr_auc         : 0.73	f1_score       : 0.64	
2025-06-10 16:41:33,496 - trainer - INFO -     validation     : val_loss       : 0.55	val_accuracy   : 0.70	val_precision  : 0.68	val_recall     : 0.65	val_roc_auc    : 0.76	val_pr_auc     : 0.73	val_f1_score   : 0.66	
2025-06-10 16:41:33,540 - trainer - INFO - Saving current best: model_best.pth ...
2025-06-10 16:46:30,343 - trainer - INFO - epoch: 9
2025-06-10 16:46:30,344 - trainer - INFO -     train          : loss           : 0.55	accuracy       : 0.69	precision      : 0.68	recall         : 0.61	roc_auc        : 0.76	pr_auc         : 0.73	f1_score       : 0.64	
2025-06-10 16:46:30,344 - trainer - INFO -     validation     : val_loss       : 0.55	val_accuracy   : 0.69	val_precision  : 0.69	val_recall     : 0.60	val_roc_auc    : 0.76	val_pr_auc     : 0.73	val_f1_score   : 0.64	
2025-06-10 16:46:30,389 - trainer - INFO - Saving current best: model_best.pth ...
2025-06-10 16:51:15,888 - trainer - INFO - epoch: 10
2025-06-10 16:51:15,889 - trainer - INFO -     train          : loss           : 0.54	accuracy       : 0.69	precision      : 0.68	recall         : 0.61	roc_auc        : 0.77	pr_auc         : 0.74	f1_score       : 0.64	
2025-06-10 16:51:15,889 - trainer - INFO -     validation     : val_loss       : 0.54	val_accuracy   : 0.70	val_precision  : 0.68	val_recall     : 0.66	val_roc_auc    : 0.76	val_pr_auc     : 0.74	val_f1_score   : 0.66	
2025-06-10 16:51:15,935 - trainer - INFO - Saving current best: model_best.pth ...
2025-06-10 16:56:02,338 - trainer - INFO - epoch: 11
2025-06-10 16:56:02,339 - trainer - INFO -     train          : loss           : 0.54	accuracy       : 0.70	precision      : 0.69	recall         : 0.62	roc_auc        : 0.77	pr_auc         : 0.74	f1_score       : 0.65	
2025-06-10 16:56:02,339 - trainer - INFO -     validation     : val_loss       : 0.54	val_accuracy   : 0.70	val_precision  : 0.70	val_recall     : 0.61	val_roc_auc    : 0.77	val_pr_auc     : 0.75	val_f1_score   : 0.65	
2025-06-10 16:56:02,385 - trainer - INFO - Saving current best: model_best.pth ...
2025-06-10 17:00:43,605 - trainer - INFO - epoch: 12
2025-06-10 17:00:43,605 - trainer - INFO -     train          : loss           : 0.53	accuracy       : 0.70	precision      : 0.70	recall         : 0.62	roc_auc        : 0.77	pr_auc         : 0.75	f1_score       : 0.65	
2025-06-10 17:00:43,606 - trainer - INFO -     validation     : val_loss       : 0.54	val_accuracy   : 0.70	val_precision  : 0.71	val_recall     : 0.60	val_roc_auc    : 0.77	val_pr_auc     : 0.75	val_f1_score   : 0.65	
2025-06-10 17:00:43,650 - trainer - INFO - Saving current best: model_best.pth ...
2025-06-10 17:05:24,233 - trainer - INFO - epoch: 13
2025-06-10 17:05:24,234 - trainer - INFO -     train          : loss           : 0.53	accuracy       : 0.71	precision      : 0.70	recall         : 0.62	roc_auc        : 0.78	pr_auc         : 0.75	f1_score       : 0.66	
2025-06-10 17:05:24,234 - trainer - INFO -     validation     : val_loss       : 0.53	val_accuracy   : 0.71	val_precision  : 0.71	val_recall     : 0.60	val_roc_auc    : 0.78	val_pr_auc     : 0.76	val_f1_score   : 0.65	
2025-06-10 17:05:24,280 - trainer - INFO - Saving current best: model_best.pth ...
2025-06-10 17:10:06,854 - trainer - INFO - epoch: 14
2025-06-10 17:10:06,855 - trainer - INFO -     train          : loss           : 0.53	accuracy       : 0.71	precision      : 0.70	recall         : 0.63	roc_auc        : 0.78	pr_auc         : 0.76	f1_score       : 0.66	
2025-06-10 17:10:06,855 - trainer - INFO -     validation     : val_loss       : 0.52	val_accuracy   : 0.71	val_precision  : 0.71	val_recall     : 0.62	val_roc_auc    : 0.78	val_pr_auc     : 0.76	val_f1_score   : 0.66	
2025-06-10 17:10:06,903 - trainer - INFO - Saving current best: model_best.pth ...
2025-06-10 17:14:49,027 - trainer - INFO - epoch: 15
2025-06-10 17:14:49,028 - trainer - INFO -     train          : loss           : 0.53	accuracy       : 0.71	precision      : 0.70	recall         : 0.62	roc_auc        : 0.78	pr_auc         : 0.76	f1_score       : 0.66	
2025-06-10 17:14:49,028 - trainer - INFO -     validation     : val_loss       : 0.53	val_accuracy   : 0.71	val_precision  : 0.71	val_recall     : 0.62	val_roc_auc    : 0.78	val_pr_auc     : 0.76	val_f1_score   : 0.66	
2025-06-10 17:14:49,074 - trainer - INFO - Saving current best: model_best.pth ...
2025-06-10 17:19:32,614 - trainer - INFO - epoch: 16
2025-06-10 17:19:32,614 - trainer - INFO -     train          : loss           : 0.52	accuracy       : 0.71	precision      : 0.71	recall         : 0.63	roc_auc        : 0.79	pr_auc         : 0.76	f1_score       : 0.67	
2025-06-10 17:19:32,615 - trainer - INFO -     validation     : val_loss       : 0.53	val_accuracy   : 0.70	val_precision  : 0.70	val_recall     : 0.61	val_roc_auc    : 0.78	val_pr_auc     : 0.76	val_f1_score   : 0.65	
2025-06-10 17:19:32,660 - trainer - INFO - Saving current best: model_best.pth ...
2025-06-10 17:24:17,169 - trainer - INFO - epoch: 17
2025-06-10 17:24:17,169 - trainer - INFO -     train          : loss           : 0.52	accuracy       : 0.72	precision      : 0.71	recall         : 0.63	roc_auc        : 0.79	pr_auc         : 0.77	f1_score       : 0.67	
2025-06-10 17:24:17,170 - trainer - INFO -     validation     : val_loss       : 0.52	val_accuracy   : 0.72	val_precision  : 0.71	val_recall     : 0.65	val_roc_auc    : 0.78	val_pr_auc     : 0.76	val_f1_score   : 0.67	
2025-06-10 17:24:17,216 - trainer - INFO - Saving current best: model_best.pth ...
2025-06-10 17:29:03,560 - trainer - INFO - epoch: 18
2025-06-10 17:29:03,561 - trainer - INFO -     train          : loss           : 0.52	accuracy       : 0.72	precision      : 0.71	recall         : 0.63	roc_auc        : 0.79	pr_auc         : 0.77	f1_score       : 0.67	
2025-06-10 17:29:03,561 - trainer - INFO -     validation     : val_loss       : 0.52	val_accuracy   : 0.71	val_precision  : 0.70	val_recall     : 0.64	val_roc_auc    : 0.78	val_pr_auc     : 0.76	val_f1_score   : 0.67	
2025-06-10 17:29:03,607 - trainer - INFO - Saving current best: model_best.pth ...
2025-06-10 17:33:49,913 - trainer - INFO - epoch: 19
2025-06-10 17:33:49,913 - trainer - INFO -     train          : loss           : 0.52	accuracy       : 0.72	precision      : 0.71	recall         : 0.63	roc_auc        : 0.79	pr_auc         : 0.77	f1_score       : 0.67	
2025-06-10 17:33:49,914 - trainer - INFO -     validation     : val_loss       : 0.52	val_accuracy   : 0.71	val_precision  : 0.73	val_recall     : 0.59	val_roc_auc    : 0.79	val_pr_auc     : 0.76	val_f1_score   : 0.65	
2025-06-10 17:33:49,959 - trainer - INFO - Saving current best: model_best.pth ...
2025-06-10 17:38:37,248 - trainer - INFO - epoch: 20
2025-06-10 17:38:37,248 - trainer - INFO -     train          : loss           : 0.51	accuracy       : 0.72	precision      : 0.72	recall         : 0.64	roc_auc        : 0.79	pr_auc         : 0.77	f1_score       : 0.67	
2025-06-10 17:38:37,249 - trainer - INFO -     validation     : val_loss       : 0.52	val_accuracy   : 0.71	val_precision  : 0.71	val_recall     : 0.61	val_roc_auc    : 0.78	val_pr_auc     : 0.76	val_f1_score   : 0.66	
2025-06-10 17:38:37,295 - trainer - INFO - Saving current best: model_best.pth ...
2025-06-10 17:43:25,247 - trainer - INFO - epoch: 21
2025-06-10 17:43:25,248 - trainer - INFO -     train          : loss           : 0.50	accuracy       : 0.73	precision      : 0.73	recall         : 0.64	roc_auc        : 0.80	pr_auc         : 0.78	f1_score       : 0.68	
2025-06-10 17:43:25,248 - trainer - INFO -     validation     : val_loss       : 0.52	val_accuracy   : 0.71	val_precision  : 0.72	val_recall     : 0.62	val_roc_auc    : 0.79	val_pr_auc     : 0.77	val_f1_score   : 0.66	
2025-06-10 17:43:25,294 - trainer - INFO - Saving current best: model_best.pth ...
2025-06-10 17:48:16,271 - trainer - INFO - epoch: 22
2025-06-10 17:48:16,272 - trainer - INFO -     train          : loss           : 0.50	accuracy       : 0.73	precision      : 0.72	recall         : 0.65	roc_auc        : 0.80	pr_auc         : 0.78	f1_score       : 0.68	
2025-06-10 17:48:16,272 - trainer - INFO -     validation     : val_loss       : 0.52	val_accuracy   : 0.72	val_precision  : 0.71	val_recall     : 0.64	val_roc_auc    : 0.79	val_pr_auc     : 0.77	val_f1_score   : 0.67	
2025-06-10 17:48:16,318 - trainer - INFO - Saving current best: model_best.pth ...
2025-06-10 17:53:01,935 - trainer - INFO - epoch: 23
2025-06-10 17:53:01,936 - trainer - INFO -     train          : loss           : 0.50	accuracy       : 0.73	precision      : 0.73	recall         : 0.65	roc_auc        : 0.81	pr_auc         : 0.79	f1_score       : 0.68	
2025-06-10 17:53:01,936 - trainer - INFO -     validation     : val_loss       : 0.51	val_accuracy   : 0.72	val_precision  : 0.72	val_recall     : 0.63	val_roc_auc    : 0.79	val_pr_auc     : 0.77	val_f1_score   : 0.67	
2025-06-10 17:53:01,985 - trainer - INFO - Saving current best: model_best.pth ...
2025-06-10 17:57:46,979 - trainer - INFO - epoch: 24
2025-06-10 17:57:46,979 - trainer - INFO -     train          : loss           : 0.50	accuracy       : 0.73	precision      : 0.73	recall         : 0.65	roc_auc        : 0.81	pr_auc         : 0.79	f1_score       : 0.69	
2025-06-10 17:57:46,980 - trainer - INFO -     validation     : val_loss       : 0.51	val_accuracy   : 0.72	val_precision  : 0.72	val_recall     : 0.63	val_roc_auc    : 0.79	val_pr_auc     : 0.77	val_f1_score   : 0.67	
2025-06-10 17:57:47,025 - trainer - INFO - Saving current best: model_best.pth ...
2025-06-10 18:02:32,906 - trainer - INFO - epoch: 25
2025-06-10 18:02:32,906 - trainer - INFO -     train          : loss           : 0.50	accuracy       : 0.73	precision      : 0.73	recall         : 0.65	roc_auc        : 0.81	pr_auc         : 0.79	f1_score       : 0.69	
2025-06-10 18:02:32,907 - trainer - INFO -     validation     : val_loss       : 0.52	val_accuracy   : 0.72	val_precision  : 0.72	val_recall     : 0.63	val_roc_auc    : 0.79	val_pr_auc     : 0.77	val_f1_score   : 0.67	
2025-06-10 18:02:32,954 - trainer - INFO - Saving current best: model_best.pth ...
2025-06-10 18:07:20,320 - trainer - INFO - epoch: 26
2025-06-10 18:07:20,321 - trainer - INFO -     train          : loss           : 0.50	accuracy       : 0.73	precision      : 0.73	recall         : 0.65	roc_auc        : 0.81	pr_auc         : 0.79	f1_score       : 0.69	
2025-06-10 18:07:20,321 - trainer - INFO -     validation     : val_loss       : 0.51	val_accuracy   : 0.72	val_precision  : 0.72	val_recall     : 0.63	val_roc_auc    : 0.79	val_pr_auc     : 0.77	val_f1_score   : 0.67	
2025-06-10 18:12:06,070 - trainer - INFO - epoch: 27
2025-06-10 18:12:06,070 - trainer - INFO -     train          : loss           : 0.50	accuracy       : 0.73	precision      : 0.73	recall         : 0.65	roc_auc        : 0.81	pr_auc         : 0.79	f1_score       : 0.69	
2025-06-10 18:12:06,071 - trainer - INFO -     validation     : val_loss       : 0.51	val_accuracy   : 0.72	val_precision  : 0.72	val_recall     : 0.63	val_roc_auc    : 0.79	val_pr_auc     : 0.77	val_f1_score   : 0.67	
2025-06-10 18:12:06,116 - trainer - INFO - Saving current best: model_best.pth ...
2025-06-10 18:16:51,757 - trainer - INFO - epoch: 28
2025-06-10 18:16:51,757 - trainer - INFO -     train          : loss           : 0.50	accuracy       : 0.73	precision      : 0.73	recall         : 0.65	roc_auc        : 0.81	pr_auc         : 0.79	f1_score       : 0.69	
2025-06-10 18:16:51,757 - trainer - INFO -     validation     : val_loss       : 0.51	val_accuracy   : 0.72	val_precision  : 0.71	val_recall     : 0.65	val_roc_auc    : 0.80	val_pr_auc     : 0.78	val_f1_score   : 0.68	
2025-06-10 18:16:51,803 - trainer - INFO - Saving current best: model_best.pth ...
2025-06-10 18:21:35,431 - trainer - INFO - epoch: 29
2025-06-10 18:21:35,431 - trainer - INFO -     train          : loss           : 0.50	accuracy       : 0.73	precision      : 0.73	recall         : 0.65	roc_auc        : 0.81	pr_auc         : 0.79	f1_score       : 0.69	
2025-06-10 18:21:35,431 - trainer - INFO -     validation     : val_loss       : 0.51	val_accuracy   : 0.72	val_precision  : 0.71	val_recall     : 0.65	val_roc_auc    : 0.79	val_pr_auc     : 0.77	val_f1_score   : 0.68	
2025-06-10 18:21:35,476 - trainer - INFO - Saving current best: model_best.pth ...
2025-06-10 18:26:21,480 - trainer - INFO - epoch: 30
2025-06-10 18:26:21,481 - trainer - INFO -     train          : loss           : 0.50	accuracy       : 0.73	precision      : 0.73	recall         : 0.65	roc_auc        : 0.81	pr_auc         : 0.79	f1_score       : 0.69	
2025-06-10 18:26:21,481 - trainer - INFO -     validation     : val_loss       : 0.51	val_accuracy   : 0.72	val_precision  : 0.73	val_recall     : 0.62	val_roc_auc    : 0.80	val_pr_auc     : 0.78	val_f1_score   : 0.67	
2025-06-10 18:26:21,527 - trainer - INFO - Saving current best: model_best.pth ...
2025-06-10 18:31:07,979 - trainer - INFO - epoch: 31
2025-06-10 18:31:07,979 - trainer - INFO -     train          : loss           : 0.50	accuracy       : 0.73	precision      : 0.73	recall         : 0.65	roc_auc        : 0.81	pr_auc         : 0.79	f1_score       : 0.69	
2025-06-10 18:31:07,980 - trainer - INFO -     validation     : val_loss       : 0.51	val_accuracy   : 0.72	val_precision  : 0.72	val_recall     : 0.63	val_roc_auc    : 0.80	val_pr_auc     : 0.77	val_f1_score   : 0.67	
2025-06-10 18:31:08,026 - trainer - INFO - Saving current best: model_best.pth ...
2025-06-10 18:35:54,113 - trainer - INFO - epoch: 32
2025-06-10 18:35:54,113 - trainer - INFO -     train          : loss           : 0.50	accuracy       : 0.73	precision      : 0.73	recall         : 0.65	roc_auc        : 0.81	pr_auc         : 0.79	f1_score       : 0.69	
2025-06-10 18:35:54,113 - trainer - INFO -     validation     : val_loss       : 0.51	val_accuracy   : 0.72	val_precision  : 0.72	val_recall     : 0.63	val_roc_auc    : 0.80	val_pr_auc     : 0.77	val_f1_score   : 0.67	
2025-06-10 18:35:54,158 - trainer - INFO - Saving current best: model_best.pth ...
2025-06-10 18:40:41,970 - trainer - INFO - epoch: 33
2025-06-10 18:40:41,971 - trainer - INFO -     train          : loss           : 0.50	accuracy       : 0.73	precision      : 0.73	recall         : 0.65	roc_auc        : 0.81	pr_auc         : 0.79	f1_score       : 0.69	
2025-06-10 18:40:41,971 - trainer - INFO -     validation     : val_loss       : 0.51	val_accuracy   : 0.72	val_precision  : 0.72	val_recall     : 0.64	val_roc_auc    : 0.80	val_pr_auc     : 0.78	val_f1_score   : 0.68	
2025-06-10 18:45:28,430 - trainer - INFO - epoch: 34
2025-06-10 18:45:28,430 - trainer - INFO -     train          : loss           : 0.50	accuracy       : 0.74	precision      : 0.73	recall         : 0.66	roc_auc        : 0.81	pr_auc         : 0.79	f1_score       : 0.69	
2025-06-10 18:45:28,430 - trainer - INFO -     validation     : val_loss       : 0.51	val_accuracy   : 0.72	val_precision  : 0.72	val_recall     : 0.64	val_roc_auc    : 0.80	val_pr_auc     : 0.78	val_f1_score   : 0.68	
2025-06-10 18:45:28,479 - trainer - INFO - Saving current best: model_best.pth ...
2025-06-10 18:50:13,913 - trainer - INFO - epoch: 35
2025-06-10 18:50:13,915 - trainer - INFO -     train          : loss           : 0.49	accuracy       : 0.74	precision      : 0.73	recall         : 0.66	roc_auc        : 0.81	pr_auc         : 0.79	f1_score       : 0.69	
2025-06-10 18:50:13,915 - trainer - INFO -     validation     : val_loss       : 0.51	val_accuracy   : 0.72	val_precision  : 0.72	val_recall     : 0.63	val_roc_auc    : 0.79	val_pr_auc     : 0.77	val_f1_score   : 0.67	
2025-06-10 18:50:13,960 - trainer - INFO - Saving current best: model_best.pth ...
2025-06-10 18:55:05,799 - trainer - INFO - epoch: 36
2025-06-10 18:55:05,800 - trainer - INFO -     train          : loss           : 0.49	accuracy       : 0.74	precision      : 0.73	recall         : 0.66	roc_auc        : 0.81	pr_auc         : 0.79	f1_score       : 0.69	
2025-06-10 18:55:05,800 - trainer - INFO -     validation     : val_loss       : 0.51	val_accuracy   : 0.72	val_precision  : 0.72	val_recall     : 0.63	val_roc_auc    : 0.80	val_pr_auc     : 0.77	val_f1_score   : 0.67	
2025-06-10 19:00:09,970 - trainer - INFO - epoch: 37
2025-06-10 19:00:09,971 - trainer - INFO -     train          : loss           : 0.49	accuracy       : 0.74	precision      : 0.73	recall         : 0.66	roc_auc        : 0.81	pr_auc         : 0.79	f1_score       : 0.69	
2025-06-10 19:00:09,971 - trainer - INFO -     validation     : val_loss       : 0.51	val_accuracy   : 0.72	val_precision  : 0.72	val_recall     : 0.64	val_roc_auc    : 0.80	val_pr_auc     : 0.78	val_f1_score   : 0.68	
2025-06-10 19:00:10,019 - trainer - INFO - Saving current best: model_best.pth ...
2025-06-10 19:05:16,644 - trainer - INFO - epoch: 38
2025-06-10 19:05:16,645 - trainer - INFO -     train          : loss           : 0.49	accuracy       : 0.74	precision      : 0.73	recall         : 0.66	roc_auc        : 0.81	pr_auc         : 0.79	f1_score       : 0.69	
2025-06-10 19:05:16,645 - trainer - INFO -     validation     : val_loss       : 0.51	val_accuracy   : 0.72	val_precision  : 0.73	val_recall     : 0.64	val_roc_auc    : 0.80	val_pr_auc     : 0.78	val_f1_score   : 0.68	
2025-06-10 19:05:16,696 - trainer - INFO - Saving current best: model_best.pth ...
2025-06-10 19:10:23,703 - trainer - INFO - epoch: 39
2025-06-10 19:10:23,704 - trainer - INFO -     train          : loss           : 0.49	accuracy       : 0.74	precision      : 0.73	recall         : 0.65	roc_auc        : 0.81	pr_auc         : 0.79	f1_score       : 0.69	
2025-06-10 19:10:23,704 - trainer - INFO -     validation     : val_loss       : 0.51	val_accuracy   : 0.73	val_precision  : 0.73	val_recall     : 0.64	val_roc_auc    : 0.80	val_pr_auc     : 0.78	val_f1_score   : 0.68	
2025-06-10 19:10:23,753 - trainer - INFO - Saving current best: model_best.pth ...
2025-06-10 19:15:29,237 - trainer - INFO - epoch: 40
2025-06-10 19:15:29,237 - trainer - INFO -     train          : loss           : 0.49	accuracy       : 0.74	precision      : 0.73	recall         : 0.66	roc_auc        : 0.81	pr_auc         : 0.79	f1_score       : 0.69	
2025-06-10 19:15:29,237 - trainer - INFO -     validation     : val_loss       : 0.51	val_accuracy   : 0.72	val_precision  : 0.73	val_recall     : 0.64	val_roc_auc    : 0.80	val_pr_auc     : 0.78	val_f1_score   : 0.68	
2025-06-10 19:15:29,285 - trainer - INFO - Saving current best: model_best.pth ...
2025-06-10 19:20:39,538 - trainer - INFO - epoch: 41
2025-06-10 19:20:39,539 - trainer - INFO -     train          : loss           : 0.49	accuracy       : 0.74	precision      : 0.74	recall         : 0.65	roc_auc        : 0.81	pr_auc         : 0.80	f1_score       : 0.69	
2025-06-10 19:20:39,539 - trainer - INFO -     validation     : val_loss       : 0.51	val_accuracy   : 0.72	val_precision  : 0.72	val_recall     : 0.64	val_roc_auc    : 0.80	val_pr_auc     : 0.77	val_f1_score   : 0.68	
