2025-06-04 15:45:12,834 - train - INFO - ComboMTL(
  (protein_embedding): Embedding(15970, 64)
  (cell_embedding): Embedding(76, 64)
  (drug_embedding): Embedding(764, 64)
  (aggregation_function): Linear(in_features=128, out_features=64, bias=True)
  (neighbor_proj): Linear(in_features=128, out_features=512, bias=True)
  (global_attn): Sequential(
    (0): Linear(in_features=64, out_features=64, bias=True)
    (1): GELU()
    (2): Linear(in_features=64, out_features=1, bias=True)
  )
  (local_attn): Sequential(
    (0): Linear(in_features=128, out_features=64, bias=True)
    (1): GELU()
    (2): Linear(in_features=64, out_features=1, bias=True)
  )
  (out_transform): Linear(in_features=64, out_features=64, bias=True)
  (combine_function): Linear(in_features=128, out_features=64, bias=False)
)
Trainable parameters: 1175042
2025-06-04 15:45:12,834 - trainer - WARNING - Warning: There's no GPU available on this machine,training will be performed on CPU.
2025-06-04 15:46:25,468 - trainer - INFO - epoch: 1
2025-06-04 15:46:25,468 - trainer - INFO -     train          : loss           : 0.67	accuracy       : 0.62	precision      : 0.64	recall         : 0.38	roc_auc        : 0.68	pr_auc         : 0.62	f1_score       : 0.44	
2025-06-04 15:46:25,468 - trainer - INFO -     validation     : val_loss       : 0.64	val_accuracy   : 0.66	val_precision  : 0.65	val_recall     : 0.55	val_roc_auc    : 0.72	val_pr_auc     : 0.68	val_f1_score   : 0.60	
2025-06-04 15:46:25,498 - trainer - INFO - Saving current best: model_best.pth ...
2025-06-04 15:47:43,188 - trainer - INFO - epoch: 2
2025-06-04 15:47:43,189 - trainer - INFO -     train          : loss           : 0.62	accuracy       : 0.67	precision      : 0.65	recall         : 0.60	roc_auc        : 0.73	pr_auc         : 0.70	f1_score       : 0.62	
2025-06-04 15:47:43,189 - trainer - INFO -     validation     : val_loss       : 0.62	val_accuracy   : 0.67	val_precision  : 0.64	val_recall     : 0.67	val_roc_auc    : 0.74	val_pr_auc     : 0.70	val_f1_score   : 0.65	
2025-06-04 15:47:43,216 - trainer - INFO - Saving current best: model_best.pth ...
