2025-06-05 21:53:06,195 - train - INFO - ComboMTL(
  (protein_embedding): Embedding(15970, 128)
  (cell_embedding): Embedding(76, 128)
  (drug_embedding): Embedding(764, 128)
  (aggregation_function): Linear(in_features=384, out_features=128, bias=True)
  (neighbor_proj): Linear(in_features=128, out_features=512, bias=True)
  (trans_Q): Linear(in_features=384, out_features=128, bias=True)
  (trans_K): Linear(in_features=384, out_features=128, bias=True)
  (trans_V): Linear(in_features=384, out_features=128, bias=True)
  (linears): ModuleList(
    (0): Linear(in_features=128, out_features=384, bias=True)
    (1): Linear(in_features=128, out_features=384, bias=True)
    (2): Linear(in_features=128, out_features=384, bias=True)
    (3): Linear(in_features=128, out_features=384, bias=True)
  )
  (projection): Linear(in_features=384, out_features=384, bias=True)
  (attention_layers): ModuleList(
    (0): Linear(in_features=128, out_features=128, bias=False)
    (1): Linear(in_features=128, out_features=128, bias=False)
    (2): Linear(in_features=128, out_features=128, bias=False)
  )
  (actP): PReLU(num_parameters=1)
  (drop_out): Dropout(p=0.5, inplace=False)
  (global_attn): Sequential(
    (0): Linear(in_features=128, out_features=128, bias=True)
    (1): GELU()
    (2): Linear(in_features=128, out_features=1, bias=True)
  )
  (local_attn): Sequential(
    (0): Linear(in_features=256, out_features=128, bias=True)
    (1): GELU()
    (2): Linear(in_features=128, out_features=1, bias=True)
  )
  (out_transform): Linear(in_features=128, out_features=128, bias=True)
  (transform): Linear(in_features=256, out_features=256, bias=True)
  (gate): Linear(in_features=256, out_features=256, bias=True)
  (carry): Linear(in_features=256, out_features=256, bias=True)
  (syfcn): Sequential(
    (0): Linear(in_features=384, out_features=128, bias=True)
    (1): ReLU()
    (2): Dropout(p=0.2, inplace=False)
    (3): Linear(in_features=128, out_features=1, bias=True)
  )
  (sifcn): Sequential(
    (0): Linear(in_features=256, out_features=128, bias=True)
    (1): ReLU()
    (2): Dropout(p=0.2, inplace=False)
    (3): Linear(in_features=128, out_features=1, bias=True)
  )
)
Trainable parameters: 3155973
2025-06-05 21:53:06,197 - trainer - WARNING - Warning: There's no GPU available on this machine,training will be performed on CPU.
2025-06-05 21:58:15,873 - trainer - INFO - epoch: 1
2025-06-05 21:58:15,874 - trainer - INFO -     train          : loss           : 0.70	accuracy       : 0.64	precision      : 0.57	recall         : 0.49	roc_auc        : 0.69	pr_auc         : 0.64	f1_score       : 0.51	
2025-06-05 21:58:15,874 - trainer - INFO -     validation     : val_loss       : 0.68	val_accuracy   : 0.66	val_precision  : 0.66	val_recall     : 0.53	val_roc_auc    : 0.72	val_pr_auc     : 0.68	val_f1_score   : 0.59	
2025-06-05 21:58:15,936 - trainer - INFO - Saving current best: model_best.pth ...
2025-06-05 22:03:07,724 - trainer - INFO - epoch: 2
2025-06-05 22:03:07,725 - trainer - INFO -     train          : loss           : 0.67	accuracy       : 0.67	precision      : 0.65	recall         : 0.57	roc_auc        : 0.73	pr_auc         : 0.68	f1_score       : 0.61	
2025-06-05 22:03:07,725 - trainer - INFO -     validation     : val_loss       : 0.66	val_accuracy   : 0.66	val_precision  : 0.66	val_recall     : 0.54	val_roc_auc    : 0.73	val_pr_auc     : 0.69	val_f1_score   : 0.59	
2025-06-05 22:03:07,792 - trainer - INFO - Saving current best: model_best.pth ...
2025-06-05 22:08:22,534 - trainer - INFO - epoch: 3
2025-06-05 22:08:22,534 - trainer - INFO -     train          : loss           : 0.65	accuracy       : 0.67	precision      : 0.67	recall         : 0.56	roc_auc        : 0.73	pr_auc         : 0.70	f1_score       : 0.61	
2025-06-05 22:08:22,535 - trainer - INFO -     validation     : val_loss       : 0.65	val_accuracy   : 0.67	val_precision  : 0.65	val_recall     : 0.58	val_roc_auc    : 0.73	val_pr_auc     : 0.70	val_f1_score   : 0.61	
2025-06-05 22:08:22,606 - trainer - INFO - Saving current best: model_best.pth ...
2025-06-05 22:14:06,744 - trainer - INFO - epoch: 4
2025-06-05 22:14:06,744 - trainer - INFO -     train          : loss           : 0.64	accuracy       : 0.68	precision      : 0.67	recall         : 0.57	roc_auc        : 0.74	pr_auc         : 0.71	f1_score       : 0.62	
2025-06-05 22:14:06,744 - trainer - INFO -     validation     : val_loss       : 0.64	val_accuracy   : 0.67	val_precision  : 0.69	val_recall     : 0.51	val_roc_auc    : 0.74	val_pr_auc     : 0.72	val_f1_score   : 0.59	
2025-06-05 22:14:06,810 - trainer - INFO - Saving current best: model_best.pth ...
2025-06-05 22:19:44,208 - trainer - INFO - epoch: 5
2025-06-05 22:19:44,209 - trainer - INFO -     train          : loss           : 0.63	accuracy       : 0.68	precision      : 0.68	recall         : 0.58	roc_auc        : 0.75	pr_auc         : 0.72	f1_score       : 0.62	
2025-06-05 22:19:44,209 - trainer - INFO -     validation     : val_loss       : 0.62	val_accuracy   : 0.69	val_precision  : 0.67	val_recall     : 0.64	val_roc_auc    : 0.75	val_pr_auc     : 0.73	val_f1_score   : 0.65	
2025-06-05 22:19:44,274 - trainer - INFO - Saving current best: model_best.pth ...
2025-06-05 22:25:30,111 - trainer - INFO - epoch: 6
2025-06-05 22:25:30,112 - trainer - INFO -     train          : loss           : 0.61	accuracy       : 0.69	precision      : 0.69	recall         : 0.61	roc_auc        : 0.76	pr_auc         : 0.73	f1_score       : 0.64	
2025-06-05 22:25:30,112 - trainer - INFO -     validation     : val_loss       : 0.61	val_accuracy   : 0.69	val_precision  : 0.70	val_recall     : 0.59	val_roc_auc    : 0.76	val_pr_auc     : 0.74	val_f1_score   : 0.64	
2025-06-05 22:25:30,168 - trainer - INFO - Saving current best: model_best.pth ...
2025-06-05 22:30:18,988 - trainer - INFO - epoch: 7
2025-06-05 22:30:18,988 - trainer - INFO -     train          : loss           : 0.60	accuracy       : 0.70	precision      : 0.69	recall         : 0.61	roc_auc        : 0.77	pr_auc         : 0.74	f1_score       : 0.65	
2025-06-05 22:30:18,988 - trainer - INFO -     validation     : val_loss       : 0.60	val_accuracy   : 0.70	val_precision  : 0.68	val_recall     : 0.63	val_roc_auc    : 0.77	val_pr_auc     : 0.75	val_f1_score   : 0.66	
2025-06-05 22:30:19,042 - trainer - INFO - Saving current best: model_best.pth ...
2025-06-05 22:36:54,375 - trainer - INFO - epoch: 8
2025-06-05 22:36:54,376 - trainer - INFO -     train          : loss           : 0.59	accuracy       : 0.70	precision      : 0.69	recall         : 0.62	roc_auc        : 0.77	pr_auc         : 0.75	f1_score       : 0.65	
2025-06-05 22:36:54,376 - trainer - INFO -     validation     : val_loss       : 0.59	val_accuracy   : 0.70	val_precision  : 0.70	val_recall     : 0.62	val_roc_auc    : 0.77	val_pr_auc     : 0.75	val_f1_score   : 0.66	
2025-06-05 22:36:54,442 - trainer - INFO - Saving current best: model_best.pth ...
2025-06-05 22:43:27,467 - trainer - INFO - epoch: 9
2025-06-05 22:43:27,469 - trainer - INFO -     train          : loss           : 0.58	accuracy       : 0.71	precision      : 0.70	recall         : 0.62	roc_auc        : 0.78	pr_auc         : 0.75	f1_score       : 0.66	
2025-06-05 22:43:27,469 - trainer - INFO -     validation     : val_loss       : 0.59	val_accuracy   : 0.70	val_precision  : 0.70	val_recall     : 0.59	val_roc_auc    : 0.77	val_pr_auc     : 0.75	val_f1_score   : 0.64	
2025-06-05 22:43:27,528 - trainer - INFO - Saving current best: model_best.pth ...
2025-06-05 22:48:24,595 - trainer - INFO - epoch: 10
2025-06-05 22:48:24,596 - trainer - INFO -     train          : loss           : 0.58	accuracy       : 0.71	precision      : 0.70	recall         : 0.62	roc_auc        : 0.78	pr_auc         : 0.76	f1_score       : 0.66	
2025-06-05 22:48:24,596 - trainer - INFO -     validation     : val_loss       : 0.59	val_accuracy   : 0.70	val_precision  : 0.68	val_recall     : 0.64	val_roc_auc    : 0.77	val_pr_auc     : 0.75	val_f1_score   : 0.66	
2025-06-05 22:48:24,667 - trainer - INFO - Saving current best: model_best.pth ...
2025-06-05 22:55:11,702 - trainer - INFO - epoch: 11
2025-06-05 22:55:11,703 - trainer - INFO -     train          : loss           : 0.57	accuracy       : 0.71	precision      : 0.70	recall         : 0.63	roc_auc        : 0.78	pr_auc         : 0.76	f1_score       : 0.66	
2025-06-05 22:55:11,703 - trainer - INFO -     validation     : val_loss       : 0.58	val_accuracy   : 0.71	val_precision  : 0.70	val_recall     : 0.62	val_roc_auc    : 0.78	val_pr_auc     : 0.76	val_f1_score   : 0.66	
2025-06-05 22:55:11,775 - trainer - INFO - Saving current best: model_best.pth ...
2025-06-05 23:02:03,856 - trainer - INFO - epoch: 12
2025-06-05 23:02:03,857 - trainer - INFO -     train          : loss           : 0.57	accuracy       : 0.71	precision      : 0.70	recall         : 0.62	roc_auc        : 0.78	pr_auc         : 0.76	f1_score       : 0.66	
2025-06-05 23:02:03,857 - trainer - INFO -     validation     : val_loss       : 0.58	val_accuracy   : 0.71	val_precision  : 0.71	val_recall     : 0.61	val_roc_auc    : 0.78	val_pr_auc     : 0.76	val_f1_score   : 0.65	
2025-06-05 23:02:03,930 - trainer - INFO - Saving current best: model_best.pth ...
2025-06-05 23:08:51,770 - trainer - INFO - epoch: 13
2025-06-05 23:08:51,770 - trainer - INFO -     train          : loss           : 0.56	accuracy       : 0.71	precision      : 0.71	recall         : 0.63	roc_auc        : 0.79	pr_auc         : 0.76	f1_score       : 0.67	
2025-06-05 23:08:51,770 - trainer - INFO -     validation     : val_loss       : 0.57	val_accuracy   : 0.70	val_precision  : 0.71	val_recall     : 0.60	val_roc_auc    : 0.78	val_pr_auc     : 0.76	val_f1_score   : 0.65	
2025-06-05 23:08:51,841 - trainer - INFO - Saving current best: model_best.pth ...
2025-06-05 23:15:41,160 - trainer - INFO - epoch: 14
2025-06-05 23:15:41,160 - trainer - INFO -     train          : loss           : 0.56	accuracy       : 0.72	precision      : 0.71	recall         : 0.63	roc_auc        : 0.79	pr_auc         : 0.77	f1_score       : 0.67	
2025-06-05 23:15:41,160 - trainer - INFO -     validation     : val_loss       : 0.56	val_accuracy   : 0.71	val_precision  : 0.71	val_recall     : 0.63	val_roc_auc    : 0.78	val_pr_auc     : 0.76	val_f1_score   : 0.67	
2025-06-05 23:15:41,265 - trainer - INFO - Saving current best: model_best.pth ...
2025-06-05 23:22:41,846 - trainer - INFO - epoch: 15
2025-06-05 23:22:41,846 - trainer - INFO -     train          : loss           : 0.56	accuracy       : 0.72	precision      : 0.71	recall         : 0.63	roc_auc        : 0.79	pr_auc         : 0.77	f1_score       : 0.67	
2025-06-05 23:22:41,846 - trainer - INFO -     validation     : val_loss       : 0.56	val_accuracy   : 0.71	val_precision  : 0.71	val_recall     : 0.62	val_roc_auc    : 0.78	val_pr_auc     : 0.76	val_f1_score   : 0.66	
2025-06-05 23:22:41,911 - trainer - INFO - Saving current best: model_best.pth ...
2025-06-05 23:27:17,636 - trainer - INFO - epoch: 16
2025-06-05 23:27:17,637 - trainer - INFO -     train          : loss           : 0.55	accuracy       : 0.72	precision      : 0.71	recall         : 0.64	roc_auc        : 0.79	pr_auc         : 0.77	f1_score       : 0.67	
2025-06-05 23:27:17,637 - trainer - INFO -     validation     : val_loss       : 0.56	val_accuracy   : 0.71	val_precision  : 0.71	val_recall     : 0.62	val_roc_auc    : 0.78	val_pr_auc     : 0.76	val_f1_score   : 0.66	
2025-06-05 23:27:17,693 - trainer - INFO - Saving current best: model_best.pth ...
2025-06-05 23:31:50,345 - trainer - INFO - epoch: 17
2025-06-05 23:31:50,346 - trainer - INFO -     train          : loss           : 0.55	accuracy       : 0.72	precision      : 0.72	recall         : 0.63	roc_auc        : 0.79	pr_auc         : 0.77	f1_score       : 0.67	
2025-06-05 23:31:50,346 - trainer - INFO -     validation     : val_loss       : 0.56	val_accuracy   : 0.72	val_precision  : 0.71	val_recall     : 0.64	val_roc_auc    : 0.79	val_pr_auc     : 0.77	val_f1_score   : 0.67	
2025-06-05 23:31:50,403 - trainer - INFO - Saving current best: model_best.pth ...
2025-06-05 23:36:25,066 - trainer - INFO - epoch: 18
2025-06-05 23:36:25,066 - trainer - INFO -     train          : loss           : 0.55	accuracy       : 0.72	precision      : 0.72	recall         : 0.64	roc_auc        : 0.80	pr_auc         : 0.78	f1_score       : 0.67	
2025-06-05 23:36:25,066 - trainer - INFO -     validation     : val_loss       : 0.56	val_accuracy   : 0.72	val_precision  : 0.71	val_recall     : 0.64	val_roc_auc    : 0.79	val_pr_auc     : 0.77	val_f1_score   : 0.67	
2025-06-05 23:36:25,124 - trainer - INFO - Saving current best: model_best.pth ...
2025-06-05 23:40:59,718 - trainer - INFO - epoch: 19
2025-06-05 23:40:59,719 - trainer - INFO -     train          : loss           : 0.54	accuracy       : 0.72	precision      : 0.72	recall         : 0.64	roc_auc        : 0.80	pr_auc         : 0.78	f1_score       : 0.67	
2025-06-05 23:40:59,719 - trainer - INFO -     validation     : val_loss       : 0.56	val_accuracy   : 0.71	val_precision  : 0.73	val_recall     : 0.58	val_roc_auc    : 0.79	val_pr_auc     : 0.77	val_f1_score   : 0.65	
2025-06-05 23:40:59,775 - trainer - INFO - Saving current best: model_best.pth ...
2025-06-05 23:45:45,944 - trainer - INFO - epoch: 20
2025-06-05 23:45:45,944 - trainer - INFO -     train          : loss           : 0.54	accuracy       : 0.72	precision      : 0.72	recall         : 0.64	roc_auc        : 0.80	pr_auc         : 0.78	f1_score       : 0.68	
2025-06-05 23:45:45,944 - trainer - INFO -     validation     : val_loss       : 0.55	val_accuracy   : 0.71	val_precision  : 0.70	val_recall     : 0.63	val_roc_auc    : 0.79	val_pr_auc     : 0.77	val_f1_score   : 0.67	
2025-06-05 23:45:46,001 - trainer - INFO - Saving current best: model_best.pth ...
2025-06-05 23:50:21,934 - trainer - INFO - epoch: 21
2025-06-05 23:50:21,934 - trainer - INFO -     train          : loss           : 0.53	accuracy       : 0.73	precision      : 0.73	recall         : 0.66	roc_auc        : 0.81	pr_auc         : 0.79	f1_score       : 0.69	
2025-06-05 23:50:21,934 - trainer - INFO -     validation     : val_loss       : 0.55	val_accuracy   : 0.72	val_precision  : 0.72	val_recall     : 0.62	val_roc_auc    : 0.80	val_pr_auc     : 0.78	val_f1_score   : 0.67	
2025-06-05 23:50:21,990 - trainer - INFO - Saving current best: model_best.pth ...
2025-06-05 23:56:20,315 - trainer - INFO - epoch: 22
2025-06-05 23:56:20,316 - trainer - INFO -     train          : loss           : 0.53	accuracy       : 0.73	precision      : 0.73	recall         : 0.66	roc_auc        : 0.81	pr_auc         : 0.79	f1_score       : 0.69	
2025-06-05 23:56:20,316 - trainer - INFO -     validation     : val_loss       : 0.55	val_accuracy   : 0.72	val_precision  : 0.72	val_recall     : 0.65	val_roc_auc    : 0.79	val_pr_auc     : 0.78	val_f1_score   : 0.68	
2025-06-05 23:56:20,402 - trainer - INFO - Saving current best: model_best.pth ...
2025-06-06 00:04:07,445 - trainer - INFO - epoch: 23
2025-06-06 00:04:07,445 - trainer - INFO -     train          : loss           : 0.53	accuracy       : 0.73	precision      : 0.73	recall         : 0.66	roc_auc        : 0.81	pr_auc         : 0.79	f1_score       : 0.69	
2025-06-06 00:04:07,445 - trainer - INFO -     validation     : val_loss       : 0.55	val_accuracy   : 0.72	val_precision  : 0.72	val_recall     : 0.64	val_roc_auc    : 0.80	val_pr_auc     : 0.78	val_f1_score   : 0.68	
2025-06-06 00:04:07,506 - trainer - INFO - Saving current best: model_best.pth ...
2025-06-06 00:11:43,850 - trainer - INFO - epoch: 24
2025-06-06 00:11:43,850 - trainer - INFO -     train          : loss           : 0.52	accuracy       : 0.74	precision      : 0.73	recall         : 0.66	roc_auc        : 0.81	pr_auc         : 0.80	f1_score       : 0.69	
2025-06-06 00:11:43,850 - trainer - INFO -     validation     : val_loss       : 0.54	val_accuracy   : 0.72	val_precision  : 0.73	val_recall     : 0.64	val_roc_auc    : 0.80	val_pr_auc     : 0.78	val_f1_score   : 0.68	
2025-06-06 00:11:43,913 - trainer - INFO - Saving current best: model_best.pth ...
2025-06-06 00:16:57,858 - trainer - INFO - epoch: 25
2025-06-06 00:16:57,858 - trainer - INFO -     train          : loss           : 0.52	accuracy       : 0.74	precision      : 0.73	recall         : 0.66	roc_auc        : 0.81	pr_auc         : 0.80	f1_score       : 0.69	
2025-06-06 00:16:57,858 - trainer - INFO -     validation     : val_loss       : 0.55	val_accuracy   : 0.72	val_precision  : 0.72	val_recall     : 0.64	val_roc_auc    : 0.80	val_pr_auc     : 0.78	val_f1_score   : 0.68	
