2025-06-10 21:02:02,157 - train - INFO - ComboMTL(
  (protein_embedding): Embedding(15970, 128)
  (cell_embedding): Embedding(76, 128)
  (drug_embedding): Embedding(764, 128)
  (aggregation_function): Linear(in_features=384, out_features=128, bias=True)
  (neighbor_proj): Linear(in_features=128, out_features=512, bias=True)
  (trans_Q): Linear(in_features=384, out_features=128, bias=True)
  (trans_K): Linear(in_features=384, out_features=128, bias=True)
  (trans_V): Linear(in_features=384, out_features=128, bias=True)
  (linears): ModuleList(
    (0): Linear(in_features=128, out_features=384, bias=True)
    (1): Linear(in_features=128, out_features=384, bias=True)
    (2): Linear(in_features=128, out_features=384, bias=True)
    (3): Linear(in_features=128, out_features=384, bias=True)
  )
  (projection): Linear(in_features=384, out_features=384, bias=True)
  (attention_layers): ModuleList(
    (0): Linear(in_features=128, out_features=128, bias=False)
    (1): Linear(in_features=128, out_features=128, bias=False)
    (2): Linear(in_features=128, out_features=128, bias=False)
  )
  (actP): PReLU(num_parameters=1)
  (drop_out): Dropout(p=0.5, inplace=False)
  (global_attn): Sequential(
    (0): Linear(in_features=128, out_features=128, bias=True)
    (1): GELU(approximate=none)
    (2): Linear(in_features=128, out_features=1, bias=True)
  )
  (local_attn): Sequential(
    (0): Linear(in_features=256, out_features=128, bias=True)
    (1): GELU(approximate=none)
    (2): Linear(in_features=128, out_features=1, bias=True)
  )
  (out_transform): Linear(in_features=128, out_features=128, bias=True)
  (transform): Linear(in_features=256, out_features=256, bias=True)
  (gate): Linear(in_features=256, out_features=256, bias=True)
  (carry): Linear(in_features=256, out_features=256, bias=True)
  (syfcn): Sequential(
    (0): Linear(in_features=384, out_features=128, bias=True)
    (1): ReLU()
    (2): Dropout(p=0.2, inplace=False)
    (3): Linear(in_features=128, out_features=1, bias=True)
  )
  (sifcn): Sequential(
    (0): Linear(in_features=256, out_features=128, bias=True)
    (1): ReLU()
    (2): Dropout(p=0.2, inplace=False)
    (3): Linear(in_features=128, out_features=1, bias=True)
  )
)
Trainable parameters: 3155973
2025-06-10 21:06:48,222 - trainer - INFO - epoch: 1
2025-06-10 21:06:48,222 - trainer - INFO -     train          : loss           : 0.62	accuracy       : 0.61	precision      : 0.52	recall         : 0.42	roc_auc        : 0.66	pr_auc         : 0.61	f1_score       : 0.43	
2025-06-10 21:06:48,222 - trainer - INFO -     validation     : val_loss       : 0.59	val_accuracy   : 0.66	val_precision  : 0.64	val_recall     : 0.59	val_roc_auc    : 0.71	val_pr_auc     : 0.67	val_f1_score   : 0.61	
2025-06-10 21:06:48,274 - trainer - INFO - Saving current best: model_best.pth ...
2025-06-10 21:11:32,375 - trainer - INFO - epoch: 2
2025-06-10 21:11:32,376 - trainer - INFO -     train          : loss           : 0.58	accuracy       : 0.67	precision      : 0.65	recall         : 0.58	roc_auc        : 0.72	pr_auc         : 0.68	f1_score       : 0.61	
2025-06-10 21:11:32,376 - trainer - INFO -     validation     : val_loss       : 0.58	val_accuracy   : 0.66	val_precision  : 0.65	val_recall     : 0.56	val_roc_auc    : 0.72	val_pr_auc     : 0.68	val_f1_score   : 0.60	
2025-06-10 21:11:32,418 - trainer - INFO - Saving current best: model_best.pth ...
2025-06-10 21:16:14,881 - trainer - INFO - epoch: 3
2025-06-10 21:16:14,882 - trainer - INFO -     train          : loss           : 0.57	accuracy       : 0.67	precision      : 0.65	recall         : 0.58	roc_auc        : 0.73	pr_auc         : 0.69	f1_score       : 0.61	
2025-06-10 21:16:14,882 - trainer - INFO -     validation     : val_loss       : 0.57	val_accuracy   : 0.66	val_precision  : 0.65	val_recall     : 0.57	val_roc_auc    : 0.73	val_pr_auc     : 0.69	val_f1_score   : 0.61	
2025-06-10 21:16:14,927 - trainer - INFO - Saving current best: model_best.pth ...
2025-06-10 21:20:57,101 - trainer - INFO - epoch: 4
2025-06-10 21:20:57,101 - trainer - INFO -     train          : loss           : 0.57	accuracy       : 0.67	precision      : 0.66	recall         : 0.58	roc_auc        : 0.73	pr_auc         : 0.69	f1_score       : 0.61	
2025-06-10 21:20:57,101 - trainer - INFO -     validation     : val_loss       : 0.57	val_accuracy   : 0.66	val_precision  : 0.66	val_recall     : 0.54	val_roc_auc    : 0.73	val_pr_auc     : 0.70	val_f1_score   : 0.59	
2025-06-10 21:20:57,147 - trainer - INFO - Saving current best: model_best.pth ...
2025-06-10 21:25:39,853 - trainer - INFO - epoch: 5
2025-06-10 21:25:39,854 - trainer - INFO -     train          : loss           : 0.57	accuracy       : 0.67	precision      : 0.67	recall         : 0.57	roc_auc        : 0.74	pr_auc         : 0.70	f1_score       : 0.61	
2025-06-10 21:25:39,854 - trainer - INFO -     validation     : val_loss       : 0.56	val_accuracy   : 0.67	val_precision  : 0.65	val_recall     : 0.59	val_roc_auc    : 0.74	val_pr_auc     : 0.71	val_f1_score   : 0.62	
2025-06-10 21:25:39,900 - trainer - INFO - Saving current best: model_best.pth ...
2025-06-10 21:30:23,733 - trainer - INFO - epoch: 6
2025-06-10 21:30:23,734 - trainer - INFO -     train          : loss           : 0.56	accuracy       : 0.68	precision      : 0.67	recall         : 0.58	roc_auc        : 0.75	pr_auc         : 0.71	f1_score       : 0.62	
2025-06-10 21:30:23,734 - trainer - INFO -     validation     : val_loss       : 0.56	val_accuracy   : 0.68	val_precision  : 0.67	val_recall     : 0.60	val_roc_auc    : 0.74	val_pr_auc     : 0.72	val_f1_score   : 0.63	
2025-06-10 21:30:23,780 - trainer - INFO - Saving current best: model_best.pth ...
2025-06-10 21:35:06,445 - trainer - INFO - epoch: 7
2025-06-10 21:35:06,445 - trainer - INFO -     train          : loss           : 0.55	accuracy       : 0.69	precision      : 0.67	recall         : 0.59	roc_auc        : 0.75	pr_auc         : 0.72	f1_score       : 0.63	
2025-06-10 21:35:06,445 - trainer - INFO -     validation     : val_loss       : 0.55	val_accuracy   : 0.68	val_precision  : 0.67	val_recall     : 0.59	val_roc_auc    : 0.75	val_pr_auc     : 0.73	val_f1_score   : 0.63	
2025-06-10 21:35:06,490 - trainer - INFO - Saving current best: model_best.pth ...
2025-06-10 21:39:53,174 - trainer - INFO - epoch: 8
2025-06-10 21:39:53,175 - trainer - INFO -     train          : loss           : 0.55	accuracy       : 0.69	precision      : 0.68	recall         : 0.61	roc_auc        : 0.76	pr_auc         : 0.73	f1_score       : 0.64	
2025-06-10 21:39:53,175 - trainer - INFO -     validation     : val_loss       : 0.55	val_accuracy   : 0.70	val_precision  : 0.68	val_recall     : 0.65	val_roc_auc    : 0.76	val_pr_auc     : 0.73	val_f1_score   : 0.66	
2025-06-10 21:39:53,219 - trainer - INFO - Saving current best: model_best.pth ...
2025-06-10 21:44:38,036 - trainer - INFO - epoch: 9
2025-06-10 21:44:38,036 - trainer - INFO -     train          : loss           : 0.55	accuracy       : 0.69	precision      : 0.68	recall         : 0.61	roc_auc        : 0.76	pr_auc         : 0.73	f1_score       : 0.64	
2025-06-10 21:44:38,036 - trainer - INFO -     validation     : val_loss       : 0.55	val_accuracy   : 0.69	val_precision  : 0.69	val_recall     : 0.60	val_roc_auc    : 0.76	val_pr_auc     : 0.73	val_f1_score   : 0.64	
2025-06-10 21:44:38,082 - trainer - INFO - Saving current best: model_best.pth ...
2025-06-10 21:49:23,105 - trainer - INFO - epoch: 10
2025-06-10 21:49:23,105 - trainer - INFO -     train          : loss           : 0.54	accuracy       : 0.69	precision      : 0.68	recall         : 0.61	roc_auc        : 0.77	pr_auc         : 0.74	f1_score       : 0.64	
2025-06-10 21:49:23,105 - trainer - INFO -     validation     : val_loss       : 0.54	val_accuracy   : 0.70	val_precision  : 0.68	val_recall     : 0.66	val_roc_auc    : 0.76	val_pr_auc     : 0.74	val_f1_score   : 0.66	
2025-06-10 21:49:23,149 - trainer - INFO - Saving current best: model_best.pth ...
2025-06-10 21:54:06,563 - trainer - INFO - epoch: 11
2025-06-10 21:54:06,563 - trainer - INFO -     train          : loss           : 0.54	accuracy       : 0.70	precision      : 0.69	recall         : 0.62	roc_auc        : 0.77	pr_auc         : 0.74	f1_score       : 0.65	
2025-06-10 21:54:06,564 - trainer - INFO -     validation     : val_loss       : 0.54	val_accuracy   : 0.70	val_precision  : 0.70	val_recall     : 0.61	val_roc_auc    : 0.77	val_pr_auc     : 0.75	val_f1_score   : 0.65	
2025-06-10 21:54:06,608 - trainer - INFO - Saving current best: model_best.pth ...
2025-06-10 21:58:49,508 - trainer - INFO - epoch: 12
2025-06-10 21:58:49,508 - trainer - INFO -     train          : loss           : 0.53	accuracy       : 0.70	precision      : 0.70	recall         : 0.62	roc_auc        : 0.77	pr_auc         : 0.75	f1_score       : 0.65	
2025-06-10 21:58:49,509 - trainer - INFO -     validation     : val_loss       : 0.54	val_accuracy   : 0.70	val_precision  : 0.71	val_recall     : 0.60	val_roc_auc    : 0.77	val_pr_auc     : 0.75	val_f1_score   : 0.65	
2025-06-10 21:58:49,555 - trainer - INFO - Saving current best: model_best.pth ...
2025-06-10 22:03:30,562 - trainer - INFO - epoch: 13
2025-06-10 22:03:30,562 - trainer - INFO -     train          : loss           : 0.53	accuracy       : 0.71	precision      : 0.70	recall         : 0.62	roc_auc        : 0.78	pr_auc         : 0.75	f1_score       : 0.66	
2025-06-10 22:03:30,562 - trainer - INFO -     validation     : val_loss       : 0.53	val_accuracy   : 0.71	val_precision  : 0.71	val_recall     : 0.60	val_roc_auc    : 0.78	val_pr_auc     : 0.76	val_f1_score   : 0.65	
2025-06-10 22:03:30,610 - trainer - INFO - Saving current best: model_best.pth ...
2025-06-10 22:08:15,398 - trainer - INFO - epoch: 14
2025-06-10 22:08:15,398 - trainer - INFO -     train          : loss           : 0.53	accuracy       : 0.71	precision      : 0.70	recall         : 0.63	roc_auc        : 0.78	pr_auc         : 0.76	f1_score       : 0.66	
2025-06-10 22:08:15,398 - trainer - INFO -     validation     : val_loss       : 0.52	val_accuracy   : 0.71	val_precision  : 0.71	val_recall     : 0.62	val_roc_auc    : 0.78	val_pr_auc     : 0.76	val_f1_score   : 0.66	
2025-06-10 22:08:15,444 - trainer - INFO - Saving current best: model_best.pth ...
2025-06-10 22:13:00,868 - trainer - INFO - epoch: 15
2025-06-10 22:13:00,869 - trainer - INFO -     train          : loss           : 0.53	accuracy       : 0.71	precision      : 0.70	recall         : 0.62	roc_auc        : 0.78	pr_auc         : 0.76	f1_score       : 0.66	
2025-06-10 22:13:00,869 - trainer - INFO -     validation     : val_loss       : 0.53	val_accuracy   : 0.71	val_precision  : 0.71	val_recall     : 0.62	val_roc_auc    : 0.78	val_pr_auc     : 0.76	val_f1_score   : 0.66	
2025-06-10 22:13:00,914 - trainer - INFO - Saving current best: model_best.pth ...
2025-06-10 22:17:44,062 - trainer - INFO - epoch: 16
2025-06-10 22:17:44,063 - trainer - INFO -     train          : loss           : 0.52	accuracy       : 0.71	precision      : 0.71	recall         : 0.63	roc_auc        : 0.79	pr_auc         : 0.76	f1_score       : 0.67	
2025-06-10 22:17:44,063 - trainer - INFO -     validation     : val_loss       : 0.53	val_accuracy   : 0.70	val_precision  : 0.70	val_recall     : 0.61	val_roc_auc    : 0.78	val_pr_auc     : 0.76	val_f1_score   : 0.65	
2025-06-10 22:17:44,107 - trainer - INFO - Saving current best: model_best.pth ...
2025-06-10 22:22:28,209 - trainer - INFO - epoch: 17
2025-06-10 22:22:28,209 - trainer - INFO -     train          : loss           : 0.52	accuracy       : 0.72	precision      : 0.71	recall         : 0.63	roc_auc        : 0.79	pr_auc         : 0.77	f1_score       : 0.67	
2025-06-10 22:22:28,209 - trainer - INFO -     validation     : val_loss       : 0.52	val_accuracy   : 0.72	val_precision  : 0.71	val_recall     : 0.65	val_roc_auc    : 0.78	val_pr_auc     : 0.76	val_f1_score   : 0.67	
2025-06-10 22:22:28,254 - trainer - INFO - Saving current best: model_best.pth ...
2025-06-10 22:27:14,777 - trainer - INFO - epoch: 18
2025-06-10 22:27:14,777 - trainer - INFO -     train          : loss           : 0.52	accuracy       : 0.72	precision      : 0.71	recall         : 0.63	roc_auc        : 0.79	pr_auc         : 0.77	f1_score       : 0.67	
2025-06-10 22:27:14,778 - trainer - INFO -     validation     : val_loss       : 0.52	val_accuracy   : 0.71	val_precision  : 0.70	val_recall     : 0.64	val_roc_auc    : 0.78	val_pr_auc     : 0.76	val_f1_score   : 0.67	
2025-06-10 22:27:14,822 - trainer - INFO - Saving current best: model_best.pth ...
2025-06-10 22:32:01,862 - trainer - INFO - epoch: 19
2025-06-10 22:32:01,863 - trainer - INFO -     train          : loss           : 0.52	accuracy       : 0.72	precision      : 0.71	recall         : 0.63	roc_auc        : 0.79	pr_auc         : 0.77	f1_score       : 0.67	
2025-06-10 22:32:01,863 - trainer - INFO -     validation     : val_loss       : 0.52	val_accuracy   : 0.71	val_precision  : 0.73	val_recall     : 0.59	val_roc_auc    : 0.79	val_pr_auc     : 0.76	val_f1_score   : 0.65	
2025-06-10 22:32:01,910 - trainer - INFO - Saving current best: model_best.pth ...
2025-06-10 22:36:48,829 - trainer - INFO - epoch: 20
2025-06-10 22:36:48,829 - trainer - INFO -     train          : loss           : 0.51	accuracy       : 0.72	precision      : 0.72	recall         : 0.64	roc_auc        : 0.79	pr_auc         : 0.77	f1_score       : 0.67	
2025-06-10 22:36:48,829 - trainer - INFO -     validation     : val_loss       : 0.52	val_accuracy   : 0.71	val_precision  : 0.71	val_recall     : 0.61	val_roc_auc    : 0.78	val_pr_auc     : 0.76	val_f1_score   : 0.66	
2025-06-10 22:36:48,875 - trainer - INFO - Saving current best: model_best.pth ...
2025-06-10 22:41:35,055 - trainer - INFO - epoch: 21
2025-06-10 22:41:35,056 - trainer - INFO -     train          : loss           : 0.50	accuracy       : 0.73	precision      : 0.73	recall         : 0.64	roc_auc        : 0.80	pr_auc         : 0.78	f1_score       : 0.68	
2025-06-10 22:41:35,056 - trainer - INFO -     validation     : val_loss       : 0.52	val_accuracy   : 0.71	val_precision  : 0.72	val_recall     : 0.62	val_roc_auc    : 0.79	val_pr_auc     : 0.77	val_f1_score   : 0.66	
2025-06-10 22:41:35,101 - trainer - INFO - Saving current best: model_best.pth ...
2025-06-10 22:46:22,400 - trainer - INFO - epoch: 22
2025-06-10 22:46:22,400 - trainer - INFO -     train          : loss           : 0.50	accuracy       : 0.73	precision      : 0.72	recall         : 0.65	roc_auc        : 0.80	pr_auc         : 0.78	f1_score       : 0.68	
2025-06-10 22:46:22,400 - trainer - INFO -     validation     : val_loss       : 0.52	val_accuracy   : 0.72	val_precision  : 0.71	val_recall     : 0.64	val_roc_auc    : 0.79	val_pr_auc     : 0.77	val_f1_score   : 0.67	
2025-06-10 22:46:22,446 - trainer - INFO - Saving current best: model_best.pth ...
2025-06-10 22:51:10,511 - trainer - INFO - epoch: 23
2025-06-10 22:51:10,512 - trainer - INFO -     train          : loss           : 0.50	accuracy       : 0.73	precision      : 0.73	recall         : 0.65	roc_auc        : 0.81	pr_auc         : 0.79	f1_score       : 0.68	
2025-06-10 22:51:10,512 - trainer - INFO -     validation     : val_loss       : 0.51	val_accuracy   : 0.72	val_precision  : 0.72	val_recall     : 0.63	val_roc_auc    : 0.79	val_pr_auc     : 0.77	val_f1_score   : 0.67	
2025-06-10 22:51:10,560 - trainer - INFO - Saving current best: model_best.pth ...
2025-06-10 22:55:57,078 - trainer - INFO - epoch: 24
2025-06-10 22:55:57,078 - trainer - INFO -     train          : loss           : 0.50	accuracy       : 0.73	precision      : 0.73	recall         : 0.65	roc_auc        : 0.81	pr_auc         : 0.79	f1_score       : 0.69	
2025-06-10 22:55:57,078 - trainer - INFO -     validation     : val_loss       : 0.51	val_accuracy   : 0.72	val_precision  : 0.72	val_recall     : 0.63	val_roc_auc    : 0.79	val_pr_auc     : 0.77	val_f1_score   : 0.67	
2025-06-10 22:55:57,125 - trainer - INFO - Saving current best: model_best.pth ...
2025-06-10 23:00:43,207 - trainer - INFO - epoch: 25
2025-06-10 23:00:43,207 - trainer - INFO -     train          : loss           : 0.50	accuracy       : 0.73	precision      : 0.73	recall         : 0.65	roc_auc        : 0.81	pr_auc         : 0.79	f1_score       : 0.69	
2025-06-10 23:00:43,208 - trainer - INFO -     validation     : val_loss       : 0.52	val_accuracy   : 0.72	val_precision  : 0.72	val_recall     : 0.63	val_roc_auc    : 0.79	val_pr_auc     : 0.77	val_f1_score   : 0.67	
2025-06-10 23:00:43,258 - trainer - INFO - Saving current best: model_best.pth ...
2025-06-10 23:05:29,166 - trainer - INFO - epoch: 26
2025-06-10 23:05:29,166 - trainer - INFO -     train          : loss           : 0.50	accuracy       : 0.73	precision      : 0.73	recall         : 0.65	roc_auc        : 0.81	pr_auc         : 0.79	f1_score       : 0.69	
2025-06-10 23:05:29,167 - trainer - INFO -     validation     : val_loss       : 0.51	val_accuracy   : 0.72	val_precision  : 0.72	val_recall     : 0.63	val_roc_auc    : 0.79	val_pr_auc     : 0.77	val_f1_score   : 0.67	
2025-06-10 23:10:15,503 - trainer - INFO - epoch: 27
2025-06-10 23:10:15,503 - trainer - INFO -     train          : loss           : 0.50	accuracy       : 0.73	precision      : 0.73	recall         : 0.65	roc_auc        : 0.81	pr_auc         : 0.79	f1_score       : 0.69	
2025-06-10 23:10:15,503 - trainer - INFO -     validation     : val_loss       : 0.51	val_accuracy   : 0.72	val_precision  : 0.72	val_recall     : 0.63	val_roc_auc    : 0.79	val_pr_auc     : 0.77	val_f1_score   : 0.67	
2025-06-10 23:10:15,548 - trainer - INFO - Saving current best: model_best.pth ...
2025-06-10 23:15:01,026 - trainer - INFO - epoch: 28
2025-06-10 23:15:01,027 - trainer - INFO -     train          : loss           : 0.50	accuracy       : 0.73	precision      : 0.73	recall         : 0.65	roc_auc        : 0.81	pr_auc         : 0.79	f1_score       : 0.69	
2025-06-10 23:15:01,027 - trainer - INFO -     validation     : val_loss       : 0.51	val_accuracy   : 0.72	val_precision  : 0.71	val_recall     : 0.65	val_roc_auc    : 0.80	val_pr_auc     : 0.78	val_f1_score   : 0.68	
2025-06-10 23:15:01,074 - trainer - INFO - Saving current best: model_best.pth ...
2025-06-10 23:19:46,187 - trainer - INFO - epoch: 29
2025-06-10 23:19:46,187 - trainer - INFO -     train          : loss           : 0.50	accuracy       : 0.73	precision      : 0.73	recall         : 0.65	roc_auc        : 0.81	pr_auc         : 0.79	f1_score       : 0.69	
2025-06-10 23:19:46,187 - trainer - INFO -     validation     : val_loss       : 0.51	val_accuracy   : 0.72	val_precision  : 0.71	val_recall     : 0.65	val_roc_auc    : 0.79	val_pr_auc     : 0.77	val_f1_score   : 0.68	
2025-06-10 23:19:46,233 - trainer - INFO - Saving current best: model_best.pth ...
2025-06-10 23:24:32,412 - trainer - INFO - epoch: 30
2025-06-10 23:24:32,413 - trainer - INFO -     train          : loss           : 0.50	accuracy       : 0.73	precision      : 0.73	recall         : 0.65	roc_auc        : 0.81	pr_auc         : 0.79	f1_score       : 0.69	
2025-06-10 23:24:32,413 - trainer - INFO -     validation     : val_loss       : 0.51	val_accuracy   : 0.72	val_precision  : 0.73	val_recall     : 0.62	val_roc_auc    : 0.80	val_pr_auc     : 0.78	val_f1_score   : 0.67	
2025-06-10 23:24:32,459 - trainer - INFO - Saving current best: model_best.pth ...
2025-06-10 23:29:19,579 - trainer - INFO - epoch: 31
2025-06-10 23:29:19,580 - trainer - INFO -     train          : loss           : 0.50	accuracy       : 0.73	precision      : 0.73	recall         : 0.65	roc_auc        : 0.81	pr_auc         : 0.79	f1_score       : 0.69	
2025-06-10 23:29:19,580 - trainer - INFO -     validation     : val_loss       : 0.51	val_accuracy   : 0.72	val_precision  : 0.72	val_recall     : 0.63	val_roc_auc    : 0.80	val_pr_auc     : 0.77	val_f1_score   : 0.67	
2025-06-10 23:29:19,623 - trainer - INFO - Saving current best: model_best.pth ...
2025-06-10 23:34:05,827 - trainer - INFO - epoch: 32
2025-06-10 23:34:05,827 - trainer - INFO -     train          : loss           : 0.50	accuracy       : 0.73	precision      : 0.73	recall         : 0.65	roc_auc        : 0.81	pr_auc         : 0.79	f1_score       : 0.69	
2025-06-10 23:34:05,828 - trainer - INFO -     validation     : val_loss       : 0.51	val_accuracy   : 0.72	val_precision  : 0.72	val_recall     : 0.63	val_roc_auc    : 0.80	val_pr_auc     : 0.77	val_f1_score   : 0.67	
2025-06-10 23:34:05,874 - trainer - INFO - Saving current best: model_best.pth ...
2025-06-10 23:38:51,471 - trainer - INFO - epoch: 33
2025-06-10 23:38:51,472 - trainer - INFO -     train          : loss           : 0.50	accuracy       : 0.73	precision      : 0.73	recall         : 0.65	roc_auc        : 0.81	pr_auc         : 0.79	f1_score       : 0.69	
2025-06-10 23:38:51,472 - trainer - INFO -     validation     : val_loss       : 0.51	val_accuracy   : 0.72	val_precision  : 0.72	val_recall     : 0.64	val_roc_auc    : 0.80	val_pr_auc     : 0.78	val_f1_score   : 0.68	
2025-06-10 23:43:37,895 - trainer - INFO - epoch: 34
2025-06-10 23:43:37,896 - trainer - INFO -     train          : loss           : 0.50	accuracy       : 0.74	precision      : 0.73	recall         : 0.66	roc_auc        : 0.81	pr_auc         : 0.79	f1_score       : 0.69	
2025-06-10 23:43:37,896 - trainer - INFO -     validation     : val_loss       : 0.51	val_accuracy   : 0.72	val_precision  : 0.72	val_recall     : 0.64	val_roc_auc    : 0.80	val_pr_auc     : 0.78	val_f1_score   : 0.68	
2025-06-10 23:43:37,941 - trainer - INFO - Saving current best: model_best.pth ...
2025-06-10 23:48:28,317 - trainer - INFO - epoch: 35
2025-06-10 23:48:28,318 - trainer - INFO -     train          : loss           : 0.49	accuracy       : 0.74	precision      : 0.73	recall         : 0.66	roc_auc        : 0.81	pr_auc         : 0.79	f1_score       : 0.69	
2025-06-10 23:48:28,318 - trainer - INFO -     validation     : val_loss       : 0.51	val_accuracy   : 0.72	val_precision  : 0.72	val_recall     : 0.63	val_roc_auc    : 0.79	val_pr_auc     : 0.77	val_f1_score   : 0.67	
2025-06-10 23:48:28,371 - trainer - INFO - Saving current best: model_best.pth ...
2025-06-10 23:53:16,807 - trainer - INFO - epoch: 36
2025-06-10 23:53:16,808 - trainer - INFO -     train          : loss           : 0.49	accuracy       : 0.74	precision      : 0.73	recall         : 0.66	roc_auc        : 0.81	pr_auc         : 0.79	f1_score       : 0.69	
2025-06-10 23:53:16,808 - trainer - INFO -     validation     : val_loss       : 0.51	val_accuracy   : 0.72	val_precision  : 0.72	val_recall     : 0.63	val_roc_auc    : 0.80	val_pr_auc     : 0.77	val_f1_score   : 0.67	
2025-06-10 23:58:01,565 - trainer - INFO - epoch: 37
2025-06-10 23:58:01,565 - trainer - INFO -     train          : loss           : 0.49	accuracy       : 0.74	precision      : 0.73	recall         : 0.66	roc_auc        : 0.81	pr_auc         : 0.79	f1_score       : 0.69	
2025-06-10 23:58:01,565 - trainer - INFO -     validation     : val_loss       : 0.51	val_accuracy   : 0.72	val_precision  : 0.72	val_recall     : 0.64	val_roc_auc    : 0.80	val_pr_auc     : 0.78	val_f1_score   : 0.68	
2025-06-10 23:58:01,614 - trainer - INFO - Saving current best: model_best.pth ...
2025-06-11 00:02:50,475 - trainer - INFO - epoch: 38
2025-06-11 00:02:50,475 - trainer - INFO -     train          : loss           : 0.49	accuracy       : 0.74	precision      : 0.73	recall         : 0.66	roc_auc        : 0.81	pr_auc         : 0.79	f1_score       : 0.69	
2025-06-11 00:02:50,475 - trainer - INFO -     validation     : val_loss       : 0.51	val_accuracy   : 0.72	val_precision  : 0.73	val_recall     : 0.64	val_roc_auc    : 0.80	val_pr_auc     : 0.78	val_f1_score   : 0.68	
2025-06-11 00:02:50,537 - trainer - INFO - Saving current best: model_best.pth ...
