2025-06-12 16:37:55,680 - train - INFO - ********* Fold 1 training *********
2025-06-12 16:37:55,696 - train - INFO - ComboMTL(
  (protein_embedding): Embedding(15970, 128)
  (cell_embedding): Embedding(76, 128)
  (drug_embedding): Embedding(764, 128)
  (aggregation_function): Linear(in_features=384, out_features=128, bias=True)
  (neighbor_proj): Linear(in_features=128, out_features=512, bias=True)
  (trans_Q): Linear(in_features=384, out_features=128, bias=True)
  (trans_K): Linear(in_features=384, out_features=128, bias=True)
  (trans_V): Linear(in_features=384, out_features=128, bias=True)
  (linears): ModuleList(
    (0): Linear(in_features=128, out_features=384, bias=True)
    (1): Linear(in_features=128, out_features=384, bias=True)
    (2): Linear(in_features=128, out_features=384, bias=True)
    (3): Linear(in_features=128, out_features=384, bias=True)
  )
  (projection): Linear(in_features=384, out_features=384, bias=True)
  (attention_layers): ModuleList(
    (0): Linear(in_features=128, out_features=128, bias=False)
    (1): Linear(in_features=128, out_features=128, bias=False)
    (2): Linear(in_features=128, out_features=128, bias=False)
  )
  (actP): PReLU(num_parameters=1)
  (drop_out): Dropout(p=0.5, inplace=False)
  (global_attn): Sequential(
    (0): Linear(in_features=128, out_features=128, bias=True)
    (1): GELU(approximate=none)
    (2): Linear(in_features=128, out_features=1, bias=True)
  )
  (local_attn): Sequential(
    (0): Linear(in_features=256, out_features=128, bias=True)
    (1): GELU(approximate=none)
    (2): Linear(in_features=128, out_features=1, bias=True)
  )
  (out_transform): Linear(in_features=128, out_features=128, bias=True)
  (transform): Linear(in_features=256, out_features=256, bias=True)
  (gate): Linear(in_features=256, out_features=256, bias=True)
  (carry): Linear(in_features=256, out_features=256, bias=True)
  (syfcn): Sequential(
    (0): Linear(in_features=384, out_features=128, bias=True)
    (1): ReLU()
    (2): Dropout(p=0.2, inplace=False)
    (3): Linear(in_features=128, out_features=1, bias=True)
  )
  (sifcn): Sequential(
    (0): Linear(in_features=256, out_features=128, bias=True)
    (1): ReLU()
    (2): Dropout(p=0.2, inplace=False)
    (3): Linear(in_features=128, out_features=1, bias=True)
  )
)
Trainable parameters: 3155973
2025-06-12 16:43:54,672 - trainer - INFO - epoch: 1
2025-06-12 16:43:54,672 - trainer - INFO -     train          : loss           : 0.65	accuracy       : 0.56	precision      : 0.33	recall         : 0.08	roc_auc        : 0.63	pr_auc         : 0.58	f1_score       : 0.11	
2025-06-12 16:43:54,673 - trainer - INFO -     validation     : val_loss       : 0.62	val_accuracy   : 0.63	val_precision  : 0.63	val_recall     : 0.44	val_roc_auc    : 0.67	val_pr_auc     : 0.61	val_f1_score   : 0.51	
2025-06-12 16:43:54,731 - trainer - INFO - Saving current best: model_best.pth ...
